<?xml version="1.0" encoding="UTF-8"?>
<!-- Generated by org.testng.reporters.JUnitReportReporter -->
<testsuite hostname="LAPTOP-6TQNP0RD" failures="0" tests="1" name="com.OCI_Demo.testCases.TC_LoginTest_001" time="3.814" errors="0" timestamp="2021-09-21T23:03:41 EDT" skipped="0">
  <testcase classname="com.OCI_Demo.testCases.TC_LoginTest_001" name="loginTest" time="3.814"/>
  <system-out/>
</testsuite> <!-- com.OCI_Demo.testCases.TC_LoginTest_001 -->
